2023-11-14 21:12:39.374 CST [20261] LOG:  starting PostgreSQL 16.1 on aarch64-apple-darwin21.6.0, compiled by Apple clang version 14.0.0 (clang-1400.0.29.102), 64-bit
2023-11-14 21:12:39.379 CST [20261] LOG:  listening on IPv6 address "::1", port 5433
2023-11-14 21:12:39.379 CST [20261] LOG:  listening on IPv4 address "127.0.0.1", port 5433
2023-11-14 21:12:39.380 CST [20261] LOG:  listening on Unix socket "/tmp/.s.PGSQL.5433"
2023-11-14 21:12:39.381 CST [20269] LOG:  database system was shut down at 2023-11-14 21:12:39 CST
2023-11-14 21:12:39.382 CST [20261] LOG:  database system is ready to accept connections
2023-11-14 21:17:39.382 CST [20267] LOG:  checkpoint starting: time
2023-11-14 21:19:18.668 CST [20267] LOG:  checkpoint complete: wrote 983 buffers (6.0%); 0 WAL file(s) added, 0 removed, 0 recycled; write=99.270 s, sync=0.014 s, total=99.287 s; sync files=317, longest=0.001 s, average=0.001 s; distance=4634 kB, estimate=4634 kB; lsn=0/1BD0548, redo lsn=0/1BD0510
2023-11-14 21:19:58.456 CST [20261] LOG:  received fast shutdown request
2023-11-14 21:19:58.456 CST [20261] LOG:  aborting any active transactions
2023-11-14 21:19:58.457 CST [20261] LOG:  background worker "logical replication launcher" (PID 20272) exited with exit code 1
2023-11-14 21:19:58.457 CST [20267] LOG:  shutting down
2023-11-14 21:19:58.457 CST [20267] LOG:  checkpoint starting: shutdown immediate
2023-11-14 21:19:58.457 CST [20267] LOG:  checkpoint complete: wrote 0 buffers (0.0%); 0 WAL file(s) added, 0 removed, 0 recycled; write=0.001 s, sync=0.000 s, total=0.001 s; sync files=0, longest=0.000 s, average=0.000 s; distance=0 kB, estimate=4171 kB; lsn=0/1BD05F8, redo lsn=0/1BD05F8
2023-11-14 21:19:58.459 CST [20261] LOG:  database system is shut down
2023-11-14 21:20:41.215 CST [20481] LOG:  starting PostgreSQL 16.1 on aarch64-apple-darwin21.6.0, compiled by Apple clang version 14.0.0 (clang-1400.0.29.102), 64-bit
2023-11-14 21:20:41.216 CST [20481] LOG:  listening on IPv6 address "::1", port 5433
2023-11-14 21:20:41.216 CST [20481] LOG:  listening on IPv4 address "127.0.0.1", port 5433
2023-11-14 21:20:41.217 CST [20481] LOG:  listening on Unix socket "/tmp/.s.PGSQL.5433"
2023-11-14 21:20:41.218 CST [20484] LOG:  database system was shut down at 2023-11-14 21:20:16 CST
2023-11-14 21:20:41.220 CST [20481] LOG:  database system is ready to accept connections
2023-11-14 21:21:13.464 CST [20481] LOG:  received fast shutdown request
2023-11-14 21:21:13.464 CST [20481] LOG:  aborting any active transactions
2023-11-14 21:21:13.465 CST [20481] LOG:  background worker "logical replication launcher" (PID 20487) exited with exit code 1
2023-11-14 21:21:13.466 CST [20482] LOG:  shutting down
2023-11-14 21:21:13.466 CST [20482] LOG:  checkpoint starting: shutdown immediate
2023-11-14 21:21:13.467 CST [20482] LOG:  checkpoint complete: wrote 4 buffers (0.0%); 0 WAL file(s) added, 0 removed, 0 recycled; write=0.001 s, sync=0.001 s, total=0.002 s; sync files=3, longest=0.001 s, average=0.001 s; distance=2 kB, estimate=2 kB; lsn=0/1BD1920, redo lsn=0/1BD1920
2023-11-14 21:21:13.468 CST [20481] LOG:  database system is shut down
2023-11-14 21:21:37.022 CST [20504] LOG:  starting PostgreSQL 16.1 on aarch64-apple-darwin21.6.0, compiled by Apple clang version 14.0.0 (clang-1400.0.29.102), 64-bit
2023-11-14 21:21:37.023 CST [20504] LOG:  listening on IPv6 address "::1", port 5433
2023-11-14 21:21:37.023 CST [20504] LOG:  listening on IPv4 address "127.0.0.1", port 5433
2023-11-14 21:21:37.024 CST [20504] LOG:  listening on Unix socket "/tmp/.s.PGSQL.5433"
2023-11-14 21:21:37.025 CST [20507] LOG:  database system was shut down at 2023-11-14 21:21:34 CST
2023-11-14 21:21:37.026 CST [20504] LOG:  database system is ready to accept connections
2023-11-14 21:26:37.026 CST [20505] LOG:  checkpoint starting: time
2023-11-14 21:26:37.133 CST [20505] LOG:  checkpoint complete: wrote 4 buffers (0.0%); 0 WAL file(s) added, 0 removed, 0 recycled; write=0.102 s, sync=0.002 s, total=0.108 s; sync files=3, longest=0.001 s, average=0.001 s; distance=2 kB, estimate=2 kB; lsn=0/1BD2EA8, redo lsn=0/1BD2E70
2023-11-14 21:27:20.587 CST [20504] LOG:  received fast shutdown request
2023-11-14 21:27:20.587 CST [20504] LOG:  aborting any active transactions
2023-11-14 21:27:20.587 CST [20504] LOG:  background worker "logical replication launcher" (PID 20510) exited with exit code 1
2023-11-14 21:27:20.588 CST [20505] LOG:  shutting down
2023-11-14 21:27:20.588 CST [20505] LOG:  checkpoint starting: shutdown immediate
2023-11-14 21:27:20.588 CST [20505] LOG:  checkpoint complete: wrote 0 buffers (0.0%); 0 WAL file(s) added, 0 removed, 0 recycled; write=0.001 s, sync=0.001 s, total=0.001 s; sync files=0, longest=0.000 s, average=0.000 s; distance=0 kB, estimate=2 kB; lsn=0/1BD2F58, redo lsn=0/1BD2F58
2023-11-14 21:27:20.589 CST [20504] LOG:  database system is shut down
2023-11-14 21:27:29.233 CST [20628] LOG:  starting PostgreSQL 16.1 on aarch64-apple-darwin21.6.0, compiled by Apple clang version 14.0.0 (clang-1400.0.29.102), 64-bit
2023-11-14 21:27:29.234 CST [20628] LOG:  listening on IPv6 address "::1", port 5433
2023-11-14 21:27:29.234 CST [20628] LOG:  listening on IPv4 address "127.0.0.1", port 5433
2023-11-14 21:27:29.234 CST [20628] LOG:  listening on Unix socket "/tmp/.s.PGSQL.5433"
2023-11-14 21:27:29.236 CST [20631] LOG:  database system was shut down at 2023-11-14 21:27:20 CST
2023-11-14 21:27:29.238 CST [20628] LOG:  database system is ready to accept connections
2023-11-14 21:32:00.663 CST [20628] LOG:  received fast shutdown request
2023-11-14 21:32:00.663 CST [20628] LOG:  aborting any active transactions
2023-11-14 21:32:00.663 CST [20646] FATAL:  terminating connection due to administrator command
2023-11-14 21:32:00.664 CST [20628] LOG:  background worker "logical replication launcher" (PID 20634) exited with exit code 1
2023-11-14 21:32:00.665 CST [20629] LOG:  shutting down
2023-11-14 21:32:00.665 CST [20629] LOG:  checkpoint starting: shutdown immediate
2023-11-14 21:32:00.666 CST [20629] LOG:  checkpoint complete: wrote 3 buffers (0.0%); 0 WAL file(s) added, 0 removed, 0 recycled; write=0.001 s, sync=0.001 s, total=0.001 s; sync files=2, longest=0.001 s, average=0.001 s; distance=0 kB, estimate=0 kB; lsn=0/1BD3008, redo lsn=0/1BD3008
2023-11-14 21:32:00.667 CST [20628] LOG:  database system is shut down
2023-11-16 19:29:54.091 CST [23460] LOG:  starting PostgreSQL 16.1 on aarch64-apple-darwin21.6.0, compiled by Apple clang version 14.0.0 (clang-1400.0.29.102), 64-bit
2023-11-16 19:29:54.094 CST [23460] LOG:  listening on IPv6 address "::1", port 5433
2023-11-16 19:29:54.094 CST [23460] LOG:  listening on IPv4 address "127.0.0.1", port 5433
2023-11-16 19:29:54.094 CST [23460] LOG:  listening on Unix socket "/tmp/.s.PGSQL.5433"
2023-11-16 19:29:54.099 CST [23463] LOG:  database system was shut down at 2023-11-14 21:32:00 CST
2023-11-16 19:29:54.103 CST [23460] LOG:  database system is ready to accept connections
2023-11-16 19:34:54.100 CST [23461] LOG:  checkpoint starting: time
2023-11-16 19:34:54.104 CST [23461] LOG:  checkpoint complete: wrote 3 buffers (0.0%); 0 WAL file(s) added, 0 removed, 0 recycled; write=0.001 s, sync=0.001 s, total=0.005 s; sync files=2, longest=0.001 s, average=0.001 s; distance=0 kB, estimate=0 kB; lsn=0/1BD30F0, redo lsn=0/1BD30B8
2023-11-16 19:39:54.104 CST [23461] LOG:  checkpoint starting: time
2023-11-16 19:39:54.212 CST [23461] LOG:  checkpoint complete: wrote 1 buffers (0.0%); 0 WAL file(s) added, 0 removed, 0 recycled; write=0.102 s, sync=0.001 s, total=0.108 s; sync files=1, longest=0.001 s, average=0.001 s; distance=0 kB, estimate=0 kB; lsn=0/1BD3340, redo lsn=0/1BD3308
2023-11-16 19:48:54.118 CST [23550] ERROR:  new locale provider (libc) does not match locale provider of the template database (icu)
2023-11-16 19:48:54.118 CST [23550] HINT:  Use the same locale provider as in the template database, or use template0 as template.
2023-11-16 19:48:54.118 CST [23550] STATEMENT:  CREATE DATABASE "VetsPlace"
	    WITH
	    OWNER = postgres
	    ENCODING = 'UTF8'
	    LOCALE_PROVIDER = 'libc'
	    CONNECTION LIMIT = -1
	    IS_TEMPLATE = False;
	
2023-11-16 19:49:44.187 CST [23461] LOG:  checkpoint starting: immediate force wait
2023-11-16 19:49:44.229 CST [23461] LOG:  checkpoint complete: wrote 940 buffers (5.7%); 0 WAL file(s) added, 0 removed, 1 recycled; write=0.034 s, sync=0.008 s, total=0.043 s; sync files=301, longest=0.001 s, average=0.001 s; distance=4324 kB, estimate=4324 kB; lsn=0/200C528, redo lsn=0/200C4F0
2023-11-16 19:50:02.426 CST [23727] FATAL:  database "jesse" does not exist
2023-11-16 19:50:07.264 CST [23728] FATAL:  database "jesse" does not exist
2023-11-16 19:50:08.713 CST [23460] LOG:  received fast shutdown request
2023-11-16 19:50:08.713 CST [23460] LOG:  aborting any active transactions
2023-11-16 19:50:08.713 CST [23550] FATAL:  terminating connection due to administrator command
2023-11-16 19:50:08.713 CST [23715] FATAL:  terminating connection due to administrator command
2023-11-16 19:50:08.714 CST [23460] LOG:  background worker "logical replication launcher" (PID 23466) exited with exit code 1
2023-11-16 19:50:08.715 CST [23461] LOG:  shutting down
2023-11-16 19:50:08.715 CST [23461] LOG:  checkpoint starting: shutdown immediate
2023-11-16 19:50:08.716 CST [23461] LOG:  checkpoint complete: wrote 3 buffers (0.0%); 0 WAL file(s) added, 0 removed, 0 recycled; write=0.001 s, sync=0.001 s, total=0.001 s; sync files=3, longest=0.001 s, average=0.001 s; distance=1 kB, estimate=3892 kB; lsn=0/200CB70, redo lsn=0/200CB70
2023-11-16 19:50:08.717 CST [23460] LOG:  database system is shut down
2023-11-16 19:50:09.700 CST [23732] LOG:  starting PostgreSQL 16.1 on aarch64-apple-darwin21.6.0, compiled by Apple clang version 14.0.0 (clang-1400.0.29.102), 64-bit
2023-11-16 19:50:09.701 CST [23732] LOG:  listening on IPv6 address "::1", port 5433
2023-11-16 19:50:09.701 CST [23732] LOG:  listening on IPv4 address "127.0.0.1", port 5433
2023-11-16 19:50:09.701 CST [23732] LOG:  listening on Unix socket "/tmp/.s.PGSQL.5433"
2023-11-16 19:50:09.703 CST [23735] LOG:  database system was shut down at 2023-11-16 19:50:08 CST
2023-11-16 19:50:09.705 CST [23732] LOG:  database system is ready to accept connections
2023-11-16 19:50:09.799 CST [23739] FATAL:  database "jesse" does not exist
2023-11-16 19:54:42.483 CST [23749] ERROR:  relation "users" already exists
2023-11-16 19:54:42.483 CST [23749] STATEMENT:  CREATE TABLE users (
	    user_id SERIAL PRIMARY KEY,
	    name VARCHAR(255),
	    role VARCHAR(100),
	    email VARCHAR(255)
	);
	
	CREATE TABLE clients (
	    client_id SERIAL PRIMARY KEY,
	    name VARCHAR(255),
	    contact_info VARCHAR(255)
	);
	
2023-11-16 19:55:09.703 CST [23733] LOG:  checkpoint starting: time
2023-11-16 19:55:14.793 CST [23733] LOG:  checkpoint complete: wrote 53 buffers (0.3%); 0 WAL file(s) added, 0 removed, 0 recycled; write=5.082 s, sync=0.005 s, total=5.091 s; sync files=44, longest=0.001 s, average=0.001 s; distance=210 kB, estimate=210 kB; lsn=0/20415B0, redo lsn=0/2041578
2023-11-16 20:00:09.794 CST [23733] LOG:  checkpoint starting: time
2023-11-16 20:00:17.693 CST [23733] LOG:  checkpoint complete: wrote 79 buffers (0.5%); 0 WAL file(s) added, 0 removed, 0 recycled; write=7.895 s, sync=0.004 s, total=7.900 s; sync files=59, longest=0.001 s, average=0.001 s; distance=393 kB, estimate=393 kB; lsn=0/20A39C0, redo lsn=0/20A3988
2023-11-16 20:40:09.646 CST [23733] LOG:  checkpoint starting: time
2023-11-16 20:40:10.667 CST [23733] LOG:  checkpoint complete: wrote 10 buffers (0.1%); 0 WAL file(s) added, 0 removed, 0 recycled; write=1.015 s, sync=0.002 s, total=1.021 s; sync files=6, longest=0.001 s, average=0.001 s; distance=53 kB, estimate=359 kB; lsn=0/20B0FC0, redo lsn=0/20B0F88
2023-11-16 21:13:52.893 CST [24701] FATAL:  database "jesse" does not exist
2023-11-16 21:15:09.717 CST [23733] LOG:  checkpoint starting: time
2023-11-16 21:15:09.825 CST [23733] LOG:  checkpoint complete: wrote 2 buffers (0.0%); 0 WAL file(s) added, 0 removed, 0 recycled; write=0.103 s, sync=0.001 s, total=0.109 s; sync files=2, longest=0.001 s, average=0.001 s; distance=3 kB, estimate=323 kB; lsn=0/20B1BE0, redo lsn=0/20B1BA8
2023-11-19 11:27:05.044 CST [29174] FATAL:  database "jesse" does not exist
2023-11-20 20:13:50.494 CST [31803] FATAL:  database "jesse" does not exist
2023-11-20 20:21:45.629 CST [32118] FATAL:  database "jesse" does not exist
2023-11-20 20:50:58.786 CST [32284] FATAL:  database "jesse" does not exist
2023-11-20 21:44:51.354 CST [23733] LOG:  checkpoint starting: time
2023-11-20 21:44:51.971 CST [23733] LOG:  checkpoint complete: wrote 6 buffers (0.0%); 0 WAL file(s) added, 0 removed, 0 recycled; write=0.611 s, sync=0.002 s, total=0.619 s; sync files=4, longest=0.001 s, average=0.001 s; distance=43 kB, estimate=295 kB; lsn=0/20BC8F0, redo lsn=0/20BC8B8
2023-11-24 19:22:41.678 CST [35180] FATAL:  database "jesse" does not exist
2023-11-24 19:23:01.931 CST [35234] FATAL:  database "jesse" does not exist
2023-11-24 20:02:31.949 CST [35751] FATAL:  database "jesse" does not exist
2023-11-26 10:04:49.733 CST [37938] FATAL:  database "jesse" does not exist
2023-11-26 10:04:51.710 CST [23732] LOG:  received fast shutdown request
2023-11-26 10:04:51.711 CST [23732] LOG:  aborting any active transactions
2023-11-26 10:04:51.712 CST [23741] FATAL:  terminating connection due to administrator command
2023-11-26 10:04:51.712 CST [23807] FATAL:  terminating connection due to administrator command
2023-11-26 10:04:51.712 CST [23796] FATAL:  terminating connection due to administrator command
2023-11-26 10:04:51.712 CST [23749] FATAL:  terminating connection due to administrator command
2023-11-26 10:04:51.712 CST [23799] FATAL:  terminating connection due to administrator command
2023-11-26 10:04:51.712 CST [23743] FATAL:  terminating connection due to administrator command
2023-11-26 10:04:51.712 CST [23732] LOG:  background worker "logical replication launcher" (PID 23738) exited with exit code 1
2023-11-26 10:04:51.714 CST [23733] LOG:  shutting down
2023-11-26 10:04:51.714 CST [23733] LOG:  checkpoint starting: shutdown immediate
2023-11-26 10:04:51.715 CST [23733] LOG:  checkpoint complete: wrote 1 buffers (0.0%); 0 WAL file(s) added, 0 removed, 0 recycled; write=0.001 s, sync=0.001 s, total=0.002 s; sync files=1, longest=0.001 s, average=0.001 s; distance=7 kB, estimate=266 kB; lsn=0/20BE690, redo lsn=0/20BE690
2023-11-26 10:04:51.717 CST [23732] LOG:  database system is shut down
2023-11-26 10:05:04.475 CST [37944] LOG:  starting PostgreSQL 16.1 on aarch64-apple-darwin21.6.0, compiled by Apple clang version 14.0.0 (clang-1400.0.29.102), 64-bit
2023-11-26 10:05:04.476 CST [37944] LOG:  listening on IPv6 address "::1", port 5433
2023-11-26 10:05:04.476 CST [37944] LOG:  listening on IPv4 address "127.0.0.1", port 5433
2023-11-26 10:05:04.476 CST [37944] LOG:  listening on Unix socket "/tmp/.s.PGSQL.5433"
2023-11-26 10:05:04.480 CST [37947] LOG:  database system was shut down at 2023-11-26 10:04:51 CST
2023-11-26 10:05:04.482 CST [37944] LOG:  database system is ready to accept connections
2023-11-26 10:05:04.568 CST [37951] FATAL:  database "jesse" does not exist
2023-11-26 10:05:32.510 CST [37977] FATAL:  database "jesse" does not exist
2023-11-26 10:05:43.922 CST [37978] FATAL:  database "jesse" does not exist
2023-11-26 10:10:04.485 CST [37945] LOG:  checkpoint starting: time
2023-11-26 10:10:04.494 CST [37945] LOG:  checkpoint complete: wrote 3 buffers (0.0%); 0 WAL file(s) added, 0 removed, 0 recycled; write=0.003 s, sync=0.001 s, total=0.009 s; sync files=2, longest=0.001 s, average=0.001 s; distance=0 kB, estimate=0 kB; lsn=0/20BE778, redo lsn=0/20BE740
2023-11-30 20:13:05.117 CST [42797] FATAL:  could not open file "global/pg_filenode.map": No such file or directory
2023-11-30 20:13:25.015 CST [37944] LOG:  could not open file "postmaster.pid": No such file or directory
2023-11-30 20:13:25.015 CST [37944] LOG:  performing immediate shutdown because data directory lock file is invalid
2023-11-30 20:13:25.015 CST [37944] LOG:  received immediate shutdown request
2023-11-30 20:13:25.015 CST [37944] LOG:  could not open file "postmaster.pid": No such file or directory
2023-11-30 20:13:25.021 CST [37944] LOG:  database system is shut down
2023-11-30 20:27:23.662 CST [43085] FATAL:  could not open directory "pg_notify": No such file or directory
2023-11-30 20:27:23.662 CST [43085] LOG:  database system is shut down
2023-11-30 20:27:47.378 CST [43089] FATAL:  could not open directory "pg_notify": No such file or directory
2023-11-30 20:27:47.378 CST [43089] LOG:  database system is shut down
2023-11-30 20:28:25.438 CST [43097] FATAL:  could not open directory "pg_notify": No such file or directory
2023-11-30 20:28:25.439 CST [43097] LOG:  database system is shut down
2023-11-30 20:29:20.634 CST [43106] LOG:  starting PostgreSQL 16.1 on aarch64-apple-darwin21.6.0, compiled by Apple clang version 14.0.0 (clang-1400.0.29.102), 64-bit
2023-11-30 20:29:20.635 CST [43106] LOG:  listening on IPv6 address "::1", port 5433
2023-11-30 20:29:20.635 CST [43106] LOG:  listening on IPv4 address "127.0.0.1", port 5433
2023-11-30 20:29:20.636 CST [43106] LOG:  listening on Unix socket "/tmp/.s.PGSQL.5433"
2023-11-30 20:29:20.640 CST [43109] LOG:  database system was interrupted; last known up at 2023-11-26 10:10:04 CST
2023-11-30 20:29:20.767 CST [43109] LOG:  database system was not properly shut down; automatic recovery in progress
2023-11-30 20:29:20.769 CST [43109] LOG:  redo starts at 0/20BE740
2023-11-30 20:29:20.769 CST [43109] LOG:  invalid record length at 0/20BE828: expected at least 24, got 0
2023-11-30 20:29:20.769 CST [43109] LOG:  redo done at 0/20BE7F0 system usage: CPU: user: 0.00 s, system: 0.00 s, elapsed: 0.00 s
2023-11-30 20:29:20.770 CST [43107] LOG:  checkpoint starting: end-of-recovery immediate wait
2023-11-30 20:29:20.773 CST [43107] LOG:  checkpoint complete: wrote 3 buffers (0.0%); 0 WAL file(s) added, 0 removed, 0 recycled; write=0.001 s, sync=0.001 s, total=0.003 s; sync files=2, longest=0.001 s, average=0.001 s; distance=0 kB, estimate=0 kB; lsn=0/20BE828, redo lsn=0/20BE828
2023-11-30 20:29:20.774 CST [43106] LOG:  database system is ready to accept connections
2023-11-30 20:29:20.844 CST [43128] FATAL:  database "jesse" does not exist
2023-11-30 20:39:15.010 CST [43274] FATAL:  database "jesse" does not exist
2023-11-30 20:39:16.732 CST [43106] LOG:  received fast shutdown request
2023-11-30 20:39:16.732 CST [43106] LOG:  aborting any active transactions
2023-11-30 20:39:16.733 CST [43130] FATAL:  terminating connection due to administrator command
2023-11-30 20:39:16.734 CST [43106] LOG:  background worker "logical replication launcher" (PID 43112) exited with exit code 1
2023-11-30 20:39:16.735 CST [43107] LOG:  shutting down
2023-11-30 20:39:16.735 CST [43107] LOG:  checkpoint starting: shutdown immediate
2023-11-30 20:39:16.737 CST [43107] LOG:  checkpoint complete: wrote 0 buffers (0.0%); 0 WAL file(s) added, 0 removed, 0 recycled; write=0.001 s, sync=0.001 s, total=0.002 s; sync files=0, longest=0.000 s, average=0.000 s; distance=0 kB, estimate=0 kB; lsn=0/20BE8D8, redo lsn=0/20BE8D8
2023-11-30 20:39:16.738 CST [43106] LOG:  database system is shut down
2023-11-30 20:39:18.678 CST [43279] LOG:  starting PostgreSQL 16.1 on aarch64-apple-darwin21.6.0, compiled by Apple clang version 14.0.0 (clang-1400.0.29.102), 64-bit
2023-11-30 20:39:18.679 CST [43279] LOG:  listening on IPv6 address "::1", port 5433
2023-11-30 20:39:18.679 CST [43279] LOG:  listening on IPv4 address "127.0.0.1", port 5433
2023-11-30 20:39:18.680 CST [43279] LOG:  listening on Unix socket "/tmp/.s.PGSQL.5433"
2023-11-30 20:39:18.684 CST [43282] LOG:  database system was shut down at 2023-11-30 20:39:16 CST
2023-11-30 20:39:18.685 CST [43279] LOG:  database system is ready to accept connections
2023-11-30 20:39:18.775 CST [43286] FATAL:  database "jesse" does not exist
2023-11-30 20:44:18.685 CST [43280] LOG:  checkpoint starting: time
2023-11-30 20:44:18.693 CST [43280] LOG:  checkpoint complete: wrote 3 buffers (0.0%); 0 WAL file(s) added, 0 removed, 0 recycled; write=0.002 s, sync=0.001 s, total=0.009 s; sync files=2, longest=0.001 s, average=0.001 s; distance=0 kB, estimate=0 kB; lsn=0/20BE9C0, redo lsn=0/20BE988
2023-11-30 20:45:36.644 CST [43527] FATAL:  database "vetsplace" does not exist
2023-11-30 21:17:23.686 CST [43748] FATAL:  database "vetsplace" does not exist
2023-11-30 21:17:25.591 CST [43751] FATAL:  database "vetsplace" does not exist
2023-11-30 21:17:26.885 CST [43752] FATAL:  database "vetsplace" does not exist
2023-11-30 21:17:28.368 CST [43753] FATAL:  database "vetsplace" does not exist
2023-11-30 21:17:34.706 CST [43756] FATAL:  database "vetsplace" does not exist
2023-11-30 21:17:35.443 CST [43757] FATAL:  database "vetsplace" does not exist
2023-11-30 21:17:36.366 CST [43760] FATAL:  database "vetsplace" does not exist
2023-11-30 21:17:37.918 CST [43761] FATAL:  database "vetsplace" does not exist
2023-11-30 21:17:38.342 CST [43762] FATAL:  database "vetsplace" does not exist
2023-11-30 21:17:38.561 CST [43763] FATAL:  database "vetsplace" does not exist
2023-11-30 21:17:38.741 CST [43764] FATAL:  database "vetsplace" does not exist
2023-11-30 21:17:38.920 CST [43765] FATAL:  database "vetsplace" does not exist
2023-11-30 21:17:39.093 CST [43766] FATAL:  database "vetsplace" does not exist
2023-11-30 21:17:39.245 CST [43767] FATAL:  database "vetsplace" does not exist
2023-11-30 21:17:39.534 CST [43768] FATAL:  database "vetsplace" does not exist
2023-11-30 21:20:18.065 CST [43781] FATAL:  database "vetsplace" does not exist
2023-11-30 21:20:18.792 CST [43782] FATAL:  database "vetsplace" does not exist
2023-11-30 21:25:07.159 CST [43805] FATAL:  database "vetsplace" does not exist
2023-11-30 21:25:08.110 CST [43806] FATAL:  database "vetsplace" does not exist
2023-11-30 21:25:08.369 CST [43809] FATAL:  database "vetsplace" does not exist
2023-11-30 21:25:08.531 CST [43810] FATAL:  database "vetsplace" does not exist
2023-11-30 21:25:08.695 CST [43811] FATAL:  database "vetsplace" does not exist
2023-11-30 21:26:00.703 CST [43821] FATAL:  database "vetsplace" does not exist
2023-11-30 21:26:01.570 CST [43822] FATAL:  database "vetsplace" does not exist
2023-11-30 21:26:01.835 CST [43825] FATAL:  database "vetsplace" does not exist
2023-11-30 21:26:02.032 CST [43826] FATAL:  database "vetsplace" does not exist
2023-11-30 21:26:02.286 CST [43827] FATAL:  database "vetsplace" does not exist
2023-11-30 21:26:02.530 CST [43828] FATAL:  database "vetsplace" does not exist
2023-11-30 21:37:54.910 CST [43902] FATAL:  database "vetsplace" does not exist
2023-11-30 21:37:58.019 CST [43905] FATAL:  database "vetsplace" does not exist
2023-11-30 21:38:09.753 CST [43909] FATAL:  database "vetsplace" does not exist
2023-11-30 21:38:12.772 CST [43912] FATAL:  database "vetsplace" does not exist
2023-11-30 21:38:13.612 CST [43914] FATAL:  database "vetsplace" does not exist
2023-11-30 21:38:13.798 CST [43915] FATAL:  database "vetsplace" does not exist
2023-11-30 21:38:14.016 CST [43916] FATAL:  database "vetsplace" does not exist
2023-11-30 21:38:14.210 CST [43917] FATAL:  database "vetsplace" does not exist
2023-11-30 21:38:14.383 CST [43918] FATAL:  database "vetsplace" does not exist
2023-11-30 21:38:14.545 CST [43919] FATAL:  database "vetsplace" does not exist
2023-11-30 21:38:14.767 CST [43920] FATAL:  database "vetsplace" does not exist
2023-11-30 21:38:15.143 CST [43921] FATAL:  database "vetsplace" does not exist
2023-11-30 21:38:15.396 CST [43922] FATAL:  database "vetsplace" does not exist
2023-11-30 21:38:15.820 CST [43925] FATAL:  database "vetsplace" does not exist
2023-11-30 21:38:17.290 CST [43926] FATAL:  database "vetsplace" does not exist
2023-11-30 21:38:17.465 CST [43927] FATAL:  database "vetsplace" does not exist
2023-11-30 21:38:17.627 CST [43928] FATAL:  database "vetsplace" does not exist
2023-12-09 11:10:55.297 CST [53931] FATAL:  database "vetsplace" does not exist
2023-12-09 11:15:05.221 CST [54141] FATAL:  database "vetsplace" does not exist
2023-12-09 11:15:06.158 CST [54144] FATAL:  database "vetsplace" does not exist
2023-12-09 11:18:06.313 CST [54177] FATAL:  database "vetsplace" does not exist
2023-12-09 11:22:52.512 CST [54256] FATAL:  database "vetsplace" does not exist
2023-12-09 11:22:53.397 CST [54257] FATAL:  database "vetsplace" does not exist
2023-12-09 11:22:54.540 CST [54260] FATAL:  database "vetsplace" does not exist
2023-12-09 11:22:54.960 CST [54261] FATAL:  database "vetsplace" does not exist
2023-12-09 11:22:55.180 CST [54262] FATAL:  database "vetsplace" does not exist
2023-12-09 11:22:55.384 CST [54263] FATAL:  database "vetsplace" does not exist
2023-12-09 11:22:55.549 CST [54264] FATAL:  database "vetsplace" does not exist
2023-12-09 11:50:38.624 CST [54480] FATAL:  database "vetsplace" does not exist
2023-12-09 11:50:49.442 CST [54486] FATAL:  database "vetsplace" does not exist
2023-12-09 11:52:00.691 CST [54494] FATAL:  database "vetsplace" does not exist
2023-12-09 11:52:39.511 CST [54499] FATAL:  database "vetsplace" does not exist
2023-12-09 11:54:28.575 CST [54527] FATAL:  database "vetsplace" does not exist
2023-12-09 11:54:35.697 CST [54530] FATAL:  database "vetsplace" does not exist
2023-12-09 12:14:49.003 CST [54649] FATAL:  database "vetsplace" does not exist
2023-12-09 12:14:58.647 CST [54653] FATAL:  database "vetsplace" does not exist
2023-12-09 13:14:26.028 CST [55456] FATAL:  database "vetsplace" does not exist
2023-12-09 13:26:29.656 CST [55535] FATAL:  database "vetsplace" does not exist
2023-12-09 13:26:52.114 CST [55539] FATAL:  database "vetsplace" does not exist
2023-12-09 13:35:00.674 CST [55599] FATAL:  database "vetsplace" does not exist
2023-12-09 13:35:21.596 CST [55604] FATAL:  database "vetsplace" does not exist
2023-12-09 13:37:46.564 CST [55617] FATAL:  database "jesse" does not exist
2023-12-09 13:38:26.120 CST [55628] FATAL:  database "vetsplace" does not exist
2023-12-09 13:40:06.855 CST [55640] FATAL:  database "jesse" does not exist
2023-12-09 13:40:08.291 CST [43279] LOG:  received fast shutdown request
2023-12-09 13:40:08.291 CST [43279] LOG:  aborting any active transactions
2023-12-09 13:40:08.291 CST [53237] FATAL:  terminating connection due to administrator command
2023-12-09 13:40:08.291 CST [43688] FATAL:  terminating connection due to administrator command
2023-12-09 13:40:08.291 CST [43287] FATAL:  terminating connection due to administrator command
2023-12-09 13:40:08.292 CST [43279] LOG:  background worker "logical replication launcher" (PID 43285) exited with exit code 1
2023-12-09 13:40:08.293 CST [43280] LOG:  shutting down
2023-12-09 13:40:08.294 CST [43280] LOG:  checkpoint starting: shutdown immediate
2023-12-09 13:40:08.296 CST [43280] LOG:  checkpoint complete: wrote 0 buffers (0.0%); 0 WAL file(s) added, 0 removed, 0 recycled; write=0.001 s, sync=0.001 s, total=0.003 s; sync files=0, longest=0.000 s, average=0.000 s; distance=0 kB, estimate=0 kB; lsn=0/20BEA70, redo lsn=0/20BEA70
2023-12-09 13:40:08.298 CST [43279] LOG:  database system is shut down
2023-12-09 13:40:20.831 CST [55650] LOG:  starting PostgreSQL 16.1 on aarch64-apple-darwin21.6.0, compiled by Apple clang version 14.0.0 (clang-1400.0.29.102), 64-bit
2023-12-09 13:40:20.833 CST [55650] LOG:  listening on IPv6 address "::1", port 5433
2023-12-09 13:40:20.833 CST [55650] LOG:  listening on IPv4 address "127.0.0.1", port 5433
2023-12-09 13:40:20.833 CST [55650] LOG:  listening on Unix socket "/tmp/.s.PGSQL.5433"
2023-12-09 13:40:20.839 CST [55653] LOG:  database system was shut down at 2023-12-09 13:40:08 CST
2023-12-09 13:40:20.841 CST [55650] LOG:  database system is ready to accept connections
2023-12-09 13:40:20.921 CST [55657] FATAL:  database "jesse" does not exist
2023-12-09 13:41:30.073 CST [55671] FATAL:  database "jesse" does not exist
2023-12-09 13:41:39.849 CST [55673] FATAL:  database "jesse" does not exist
2023-12-09 13:45:20.840 CST [55651] LOG:  checkpoint starting: time
2023-12-09 13:45:20.847 CST [55651] LOG:  checkpoint complete: wrote 3 buffers (0.0%); 0 WAL file(s) added, 0 removed, 0 recycled; write=0.004 s, sync=0.001 s, total=0.008 s; sync files=2, longest=0.001 s, average=0.001 s; distance=0 kB, estimate=0 kB; lsn=0/20BEB58, redo lsn=0/20BEB20
2023-12-09 13:46:14.720 CST [55785] ERROR:  invalid input syntax for type integer: "search"
2023-12-09 13:46:14.720 CST [55785] CONTEXT:  unnamed portal parameter $1 = '...'
2023-12-09 13:46:14.720 CST [55785] STATEMENT:  SELECT * FROM clients WHERE client_id = $1
2023-12-09 13:46:30.454 CST [55790] ERROR:  invalid input syntax for type integer: "search"
2023-12-09 13:46:30.454 CST [55790] CONTEXT:  unnamed portal parameter $1 = '...'
2023-12-09 13:46:30.454 CST [55790] STATEMENT:  SELECT * FROM clients WHERE client_id = $1
2023-12-09 13:50:20.849 CST [55651] LOG:  checkpoint starting: time
2023-12-09 13:50:21.262 CST [55651] LOG:  checkpoint complete: wrote 5 buffers (0.0%); 0 WAL file(s) added, 0 removed, 0 recycled; write=0.408 s, sync=0.002 s, total=0.413 s; sync files=4, longest=0.001 s, average=0.001 s; distance=0 kB, estimate=0 kB; lsn=0/20BEDF8, redo lsn=0/20BEDC0
2023-12-09 13:57:50.284 CST [55856] ERROR:  invalid input syntax for type integer: "search"
2023-12-09 13:57:50.284 CST [55856] CONTEXT:  unnamed portal parameter $1 = '...'
2023-12-09 13:57:50.284 CST [55856] STATEMENT:  SELECT * FROM clients WHERE client_id = $1
2023-12-09 14:00:25.167 CST [55878] ERROR:  invalid input syntax for type integer: "search"
2023-12-09 14:00:25.167 CST [55878] CONTEXT:  unnamed portal parameter $1 = '...'
2023-12-09 14:00:25.167 CST [55878] STATEMENT:  SELECT * FROM clients WHERE client_id = $1
2023-12-09 14:01:42.043 CST [55893] ERROR:  invalid input syntax for type integer: "search"
2023-12-09 14:01:42.043 CST [55893] CONTEXT:  unnamed portal parameter $1 = '...'
2023-12-09 14:01:42.043 CST [55893] STATEMENT:  SELECT * FROM clients WHERE client_id = $1
2023-12-09 14:01:51.986 CST [55897] ERROR:  invalid input syntax for type integer: "search"
2023-12-09 14:01:51.986 CST [55897] CONTEXT:  unnamed portal parameter $1 = '...'
2023-12-09 14:01:51.986 CST [55897] STATEMENT:  SELECT * FROM clients WHERE client_id = $1
2023-12-09 14:02:34.437 CST [55906] ERROR:  invalid input syntax for type integer: "search"
2023-12-09 14:02:34.437 CST [55906] CONTEXT:  unnamed portal parameter $1 = '...'
2023-12-09 14:02:34.437 CST [55906] STATEMENT:  SELECT * FROM clients WHERE client_id = $1
2023-12-09 14:05:20.261 CST [55651] LOG:  checkpoint starting: time
2023-12-09 14:05:20.573 CST [55651] LOG:  checkpoint complete: wrote 4 buffers (0.0%); 0 WAL file(s) added, 0 removed, 0 recycled; write=0.307 s, sync=0.002 s, total=0.312 s; sync files=4, longest=0.001 s, average=0.001 s; distance=0 kB, estimate=0 kB; lsn=0/20BF0E0, redo lsn=0/20BF0A8
2023-12-09 14:14:05.858 CST [55976] ERROR:  invalid input syntax for type integer: "search"
2023-12-09 14:14:05.858 CST [55976] CONTEXT:  unnamed portal parameter $1 = '...'
2023-12-09 14:14:05.858 CST [55976] STATEMENT:  SELECT * FROM clients WHERE client_id = $1
2023-12-09 14:16:31.917 CST [55999] ERROR:  invalid input syntax for type integer: "search"
2023-12-09 14:16:31.917 CST [55999] CONTEXT:  unnamed portal parameter $1 = '...'
2023-12-09 14:16:31.917 CST [55999] STATEMENT:  SELECT * FROM clients WHERE client_id = $1
2023-12-09 14:22:42.835 CST [56037] ERROR:  invalid input syntax for type integer: "search"
2023-12-09 14:22:42.835 CST [56037] CONTEXT:  unnamed portal parameter $1 = '...'
2023-12-09 14:22:42.835 CST [56037] STATEMENT:  SELECT * FROM clients WHERE client_id = $1
2023-12-09 14:23:41.440 CST [56045] ERROR:  invalid input syntax for type integer: "search"
2023-12-09 14:23:41.440 CST [56045] CONTEXT:  unnamed portal parameter $1 = '...'
2023-12-09 14:23:41.440 CST [56045] STATEMENT:  SELECT * FROM clients WHERE client_id = $1
2023-12-09 14:44:26.476 CST [56185] ERROR:  invalid input syntax for type integer: "search"
2023-12-09 14:44:26.476 CST [56185] CONTEXT:  unnamed portal parameter $1 = '...'
2023-12-09 14:44:26.476 CST [56185] STATEMENT:  SELECT * FROM clients WHERE client_id = $1
2023-12-09 14:44:37.130 CST [56189] ERROR:  invalid input syntax for type integer: "search"
2023-12-09 14:44:37.130 CST [56189] CONTEXT:  unnamed portal parameter $1 = '...'
2023-12-09 14:44:37.130 CST [56189] STATEMENT:  SELECT * FROM clients WHERE client_id = $1
2023-12-09 14:57:27.974 CST [56276] FATAL:  database "jesse" does not exist
2023-12-09 14:57:29.802 CST [55650] LOG:  received fast shutdown request
2023-12-09 14:57:29.802 CST [55650] LOG:  aborting any active transactions
2023-12-09 14:57:29.802 CST [55667] FATAL:  terminating connection due to administrator command
2023-12-09 14:57:29.803 CST [55650] LOG:  background worker "logical replication launcher" (PID 55656) exited with exit code 1
2023-12-09 14:57:29.804 CST [55651] LOG:  shutting down
2023-12-09 14:57:29.804 CST [55651] LOG:  checkpoint starting: shutdown immediate
2023-12-09 14:57:29.806 CST [55651] LOG:  checkpoint complete: wrote 0 buffers (0.0%); 0 WAL file(s) added, 0 removed, 0 recycled; write=0.001 s, sync=0.001 s, total=0.003 s; sync files=0, longest=0.000 s, average=0.000 s; distance=0 kB, estimate=0 kB; lsn=0/20BF190, redo lsn=0/20BF190
2023-12-09 14:57:29.808 CST [55650] LOG:  database system is shut down
2023-12-09 14:58:02.165 CST [56290] LOG:  starting PostgreSQL 16.1 on aarch64-apple-darwin21.6.0, compiled by Apple clang version 14.0.0 (clang-1400.0.29.102), 64-bit
2023-12-09 14:58:02.166 CST [56290] LOG:  listening on IPv6 address "::1", port 5433
2023-12-09 14:58:02.166 CST [56290] LOG:  listening on IPv4 address "127.0.0.1", port 5433
2023-12-09 14:58:02.166 CST [56290] LOG:  listening on Unix socket "/tmp/.s.PGSQL.5433"
2023-12-09 14:58:02.171 CST [56293] LOG:  database system was shut down at 2023-12-09 14:57:29 CST
2023-12-09 14:58:02.173 CST [56290] LOG:  database system is ready to accept connections
2023-12-09 14:58:02.252 CST [56297] FATAL:  database "jesse" does not exist
2023-12-09 15:02:45.673 CST [56348] ERROR:  invalid input syntax for type integer: "undefined"
2023-12-09 15:02:45.673 CST [56348] CONTEXT:  unnamed portal parameter $1 = '...'
2023-12-09 15:02:45.673 CST [56348] STATEMENT:  DELETE FROM clients WHERE client_id = $1 RETURNING *
2023-12-09 15:03:02.171 CST [56291] LOG:  checkpoint starting: time
2023-12-09 15:03:02.279 CST [56291] LOG:  checkpoint complete: wrote 4 buffers (0.0%); 0 WAL file(s) added, 0 removed, 0 recycled; write=0.103 s, sync=0.001 s, total=0.109 s; sync files=3, longest=0.001 s, average=0.001 s; distance=0 kB, estimate=0 kB; lsn=0/20BF360, redo lsn=0/20BF328
2023-12-09 15:08:02.283 CST [56291] LOG:  checkpoint starting: time
2023-12-09 15:08:02.591 CST [56291] LOG:  checkpoint complete: wrote 4 buffers (0.0%); 0 WAL file(s) added, 0 removed, 0 recycled; write=0.305 s, sync=0.001 s, total=0.309 s; sync files=4, longest=0.001 s, average=0.001 s; distance=0 kB, estimate=0 kB; lsn=0/20BF698, redo lsn=0/20BF660
2023-12-09 15:15:52.001 CST [56439] ERROR:  invalid input syntax for type integer: "undefined"
2023-12-09 15:15:52.001 CST [56439] CONTEXT:  unnamed portal parameter $1 = '...'
2023-12-09 15:15:52.001 CST [56439] STATEMENT:  DELETE FROM clients WHERE client_id = $1 RETURNING *
2023-12-09 15:16:02.603 CST [56445] FATAL:  database "jesse" does not exist
2023-12-09 15:16:04.029 CST [56290] LOG:  received fast shutdown request
2023-12-09 15:16:04.029 CST [56290] LOG:  aborting any active transactions
2023-12-09 15:16:04.030 CST [56298] FATAL:  terminating connection due to administrator command
2023-12-09 15:16:04.030 CST [56290] LOG:  background worker "logical replication launcher" (PID 56296) exited with exit code 1
2023-12-09 15:16:04.031 CST [56291] LOG:  shutting down
2023-12-09 15:16:04.032 CST [56291] LOG:  checkpoint starting: shutdown immediate
2023-12-09 15:16:04.033 CST [56291] LOG:  checkpoint complete: wrote 0 buffers (0.0%); 0 WAL file(s) added, 0 removed, 0 recycled; write=0.001 s, sync=0.001 s, total=0.003 s; sync files=0, longest=0.000 s, average=0.000 s; distance=0 kB, estimate=0 kB; lsn=0/20BF748, redo lsn=0/20BF748
2023-12-09 15:16:04.034 CST [56290] LOG:  database system is shut down
2023-12-09 15:16:12.113 CST [56450] LOG:  starting PostgreSQL 16.1 on aarch64-apple-darwin21.6.0, compiled by Apple clang version 14.0.0 (clang-1400.0.29.102), 64-bit
2023-12-09 15:16:12.114 CST [56450] LOG:  listening on IPv6 address "::1", port 5433
2023-12-09 15:16:12.114 CST [56450] LOG:  listening on IPv4 address "127.0.0.1", port 5433
2023-12-09 15:16:12.115 CST [56450] LOG:  listening on Unix socket "/tmp/.s.PGSQL.5433"
2023-12-09 15:16:12.119 CST [56453] LOG:  database system was shut down at 2023-12-09 15:16:04 CST
2023-12-09 15:16:12.121 CST [56450] LOG:  database system is ready to accept connections
2023-12-09 15:16:12.210 CST [56457] FATAL:  database "jesse" does not exist
2023-12-09 15:21:12.120 CST [56451] LOG:  checkpoint starting: time
2023-12-09 15:21:12.127 CST [56451] LOG:  checkpoint complete: wrote 3 buffers (0.0%); 0 WAL file(s) added, 0 removed, 0 recycled; write=0.003 s, sync=0.001 s, total=0.007 s; sync files=2, longest=0.001 s, average=0.001 s; distance=0 kB, estimate=0 kB; lsn=0/20BF830, redo lsn=0/20BF7F8
2023-12-09 15:25:11.856 CST [56581] FATAL:  database "jesse" does not exist
2023-12-09 15:25:13.314 CST [56450] LOG:  received fast shutdown request
2023-12-09 15:25:13.314 CST [56450] LOG:  aborting any active transactions
2023-12-09 15:25:13.314 CST [56458] FATAL:  terminating connection due to administrator command
2023-12-09 15:25:13.315 CST [56450] LOG:  background worker "logical replication launcher" (PID 56456) exited with exit code 1
2023-12-09 15:25:13.316 CST [56451] LOG:  shutting down
2023-12-09 15:25:13.316 CST [56451] LOG:  checkpoint starting: shutdown immediate
2023-12-09 15:25:13.317 CST [56451] LOG:  checkpoint complete: wrote 0 buffers (0.0%); 0 WAL file(s) added, 0 removed, 0 recycled; write=0.001 s, sync=0.001 s, total=0.001 s; sync files=0, longest=0.000 s, average=0.000 s; distance=0 kB, estimate=0 kB; lsn=0/20BF8E0, redo lsn=0/20BF8E0
2023-12-09 15:25:13.318 CST [56450] LOG:  database system is shut down
2023-12-09 15:25:35.113 CST [56607] LOG:  starting PostgreSQL 16.1 on aarch64-apple-darwin21.6.0, compiled by Apple clang version 14.0.0 (clang-1400.0.29.102), 64-bit
2023-12-09 15:25:35.115 CST [56607] LOG:  listening on IPv6 address "::1", port 5433
2023-12-09 15:25:35.115 CST [56607] LOG:  listening on IPv4 address "127.0.0.1", port 5433
2023-12-09 15:25:35.115 CST [56607] LOG:  listening on Unix socket "/tmp/.s.PGSQL.5433"
2023-12-09 15:25:35.119 CST [56610] LOG:  database system was shut down at 2023-12-09 15:25:13 CST
2023-12-09 15:25:35.120 CST [56607] LOG:  database system is ready to accept connections
2023-12-09 15:25:35.211 CST [56614] FATAL:  database "jesse" does not exist
2023-12-09 15:30:35.141 CST [56608] LOG:  checkpoint starting: time
2023-12-09 15:30:35.151 CST [56608] LOG:  checkpoint complete: wrote 3 buffers (0.0%); 0 WAL file(s) added, 0 removed, 0 recycled; write=0.003 s, sync=0.001 s, total=0.010 s; sync files=2, longest=0.001 s, average=0.001 s; distance=0 kB, estimate=0 kB; lsn=0/20BF9C8, redo lsn=0/20BF990
2023-12-09 15:40:35.156 CST [56608] LOG:  checkpoint starting: time
2023-12-09 15:40:35.472 CST [56608] LOG:  checkpoint complete: wrote 4 buffers (0.0%); 0 WAL file(s) added, 0 removed, 0 recycled; write=0.308 s, sync=0.002 s, total=0.317 s; sync files=4, longest=0.001 s, average=0.001 s; distance=0 kB, estimate=0 kB; lsn=0/20BFD38, redo lsn=0/20BFD00
2023-12-09 15:45:35.475 CST [56608] LOG:  checkpoint starting: time
2023-12-09 15:45:35.895 CST [56608] LOG:  checkpoint complete: wrote 5 buffers (0.0%); 0 WAL file(s) added, 0 removed, 0 recycled; write=0.413 s, sync=0.002 s, total=0.420 s; sync files=5, longest=0.001 s, average=0.001 s; distance=25 kB, estimate=25 kB; lsn=0/20C64F8, redo lsn=0/20C64C0
2023-12-09 15:50:35.897 CST [56608] LOG:  checkpoint starting: time
2023-12-09 15:50:36.208 CST [56608] LOG:  checkpoint complete: wrote 4 buffers (0.0%); 0 WAL file(s) added, 0 removed, 0 recycled; write=0.306 s, sync=0.002 s, total=0.312 s; sync files=4, longest=0.001 s, average=0.001 s; distance=0 kB, estimate=23 kB; lsn=0/20C68B0, redo lsn=0/20C6878
2023-12-09 15:52:35.264 CST [56842] FATAL:  database "jesse" does not exist
2023-12-09 15:52:36.792 CST [56607] LOG:  received fast shutdown request
2023-12-09 15:52:36.792 CST [56607] LOG:  aborting any active transactions
2023-12-09 15:52:36.792 CST [56841] FATAL:  terminating connection due to administrator command
2023-12-09 15:52:36.792 CST [56775] FATAL:  terminating connection due to administrator command
2023-12-09 15:52:36.792 CST [56615] FATAL:  terminating connection due to administrator command
2023-12-09 15:52:36.793 CST [56607] LOG:  background worker "logical replication launcher" (PID 56613) exited with exit code 1
2023-12-09 15:52:36.793 CST [56608] LOG:  shutting down
2023-12-09 15:52:36.793 CST [56608] LOG:  checkpoint starting: shutdown immediate
2023-12-09 15:52:36.794 CST [56608] LOG:  checkpoint complete: wrote 0 buffers (0.0%); 0 WAL file(s) added, 0 removed, 0 recycled; write=0.001 s, sync=0.001 s, total=0.002 s; sync files=0, longest=0.000 s, average=0.000 s; distance=0 kB, estimate=21 kB; lsn=0/20C6960, redo lsn=0/20C6960
2023-12-09 15:52:36.796 CST [56607] LOG:  database system is shut down
2023-12-09 15:52:56.204 CST [56889] LOG:  starting PostgreSQL 16.1 on aarch64-apple-darwin21.6.0, compiled by Apple clang version 14.0.0 (clang-1400.0.29.102), 64-bit
2023-12-09 15:52:56.206 CST [56889] LOG:  listening on IPv6 address "::1", port 5433
2023-12-09 15:52:56.206 CST [56889] LOG:  listening on IPv4 address "127.0.0.1", port 5433
2023-12-09 15:52:56.206 CST [56889] LOG:  listening on Unix socket "/tmp/.s.PGSQL.5433"
2023-12-09 15:52:56.210 CST [56892] LOG:  database system was shut down at 2023-12-09 15:52:36 CST
2023-12-09 15:52:56.213 CST [56889] LOG:  database system is ready to accept connections
2023-12-09 15:52:56.291 CST [56896] FATAL:  database "jesse" does not exist
2023-12-09 16:02:20.796 CST [56890] LOG:  checkpoint starting: time
2023-12-09 16:02:20.803 CST [56890] LOG:  checkpoint complete: wrote 3 buffers (0.0%); 0 WAL file(s) added, 0 removed, 0 recycled; write=0.002 s, sync=0.001 s, total=0.008 s; sync files=2, longest=0.001 s, average=0.001 s; distance=0 kB, estimate=0 kB; lsn=0/20C6A48, redo lsn=0/20C6A10
2023-12-13 21:36:06.271 CST [65485] FATAL:  database "jesse" does not exist
2023-12-13 21:36:08.286 CST [56889] LOG:  received fast shutdown request
2023-12-13 21:36:08.286 CST [56889] LOG:  aborting any active transactions
2023-12-13 21:36:08.287 CST [56897] FATAL:  terminating connection due to administrator command
2023-12-13 21:36:08.287 CST [64177] FATAL:  terminating connection due to administrator command
2023-12-13 21:36:08.287 CST [56889] LOG:  background worker "logical replication launcher" (PID 56895) exited with exit code 1
2023-12-13 21:36:08.288 CST [56890] LOG:  shutting down
2023-12-13 21:36:08.289 CST [56890] LOG:  checkpoint starting: shutdown immediate
2023-12-13 21:36:08.292 CST [56890] LOG:  checkpoint complete: wrote 0 buffers (0.0%); 0 WAL file(s) added, 0 removed, 0 recycled; write=0.001 s, sync=0.001 s, total=0.004 s; sync files=0, longest=0.000 s, average=0.000 s; distance=0 kB, estimate=0 kB; lsn=0/20C6AF8, redo lsn=0/20C6AF8
2023-12-13 21:36:08.293 CST [56889] LOG:  database system is shut down
